-------------------------------------------------------------------------------
Test set: cucumberOptions.TestRunner
-------------------------------------------------------------------------------
Tests run: 1, Failures: 0, Errors: 1, Skipped: 0, Time elapsed: 0.2 s <<< FAILURE! - in cucumberOptions.TestRunner
initializationError(cucumberOptions.TestRunner)  Time elapsed: 0.004 s  <<< ERROR!
java.lang.IllegalArgumentException: Not a file or directory: C:\Users\Siva Kumar\eclipse-workspace\Kumar\src\main\java\featureFiles\watch.feature

